<?xml version="1.0" encoding="UTF-8"?>
<!-- Generated by org.testng.reporters.JUnitReportReporter -->
<testsuite skipped="0" hostname="DESKTOP-QHV9LVJ" name="com.Actitime.testscripts.Actimeuser1" tests="8" failures="0" timestamp="2021-04-01T09:25:50 IST" time="43.250" errors="0">
  <testcase name="launchbrowser" time="6.691" classname="com.Actitime.testscripts.Actimeuser1"/>
  <system-out/>
  <testcase name="navigate" time="2.759" classname="com.Actitime.testscripts.Actimeuser1"/>
  <system-out/>
  <testcase name="login" time="2.354" classname="com.Actitime.testscripts.Actimeuser1"/>
  <system-out/>
  <testcase name="minimizewindow" time="9.221" classname="com.Actitime.testscripts.Actimeuser1"/>
  <system-out/>
  <testcase name="createuser" time="11.996" classname="com.Actitime.testscripts.Actimeuser1"/>
  <system-out/>
  <testcase name="deleteuser" time="7.624" classname="com.Actitime.testscripts.Actimeuser1"/>
  <system-out/>
  <testcase name="logout" time="2.423" classname="com.Actitime.testscripts.Actimeuser1"/>
  <system-out/>
  <testcase name="closebrowser" time="0.182" classname="com.Actitime.testscripts.Actimeuser1"/>
  <system-out/>
</testsuite> <!-- com.Actitime.testscripts.Actimeuser1 -->
